<?xml version="1.0" encoding="UTF-8"?>
<testng-results ignored="0" total="1" passed="1" failed="0" skipped="0">
  <reporter-output>
  </reporter-output>
  <suite started-at="2019-01-25T03:13:36Z" name="Default suite" finished-at="2019-01-25T03:13:44Z" duration-ms="7524">
    <groups>
    </groups>
    <test started-at="2019-01-25T03:13:36Z" name="Default test" finished-at="2019-01-25T03:13:44Z" duration-ms="7524">
      <class name="com.whitecircleschool.JenkinsDemo.VerifyTitle">
        <test-method is-config="true" signature="openBrowser()[pri:0, instance:com.whitecircleschool.JenkinsDemo.VerifyTitle@e4487af]" started-at="2019-01-25T03:13:36Z" name="openBrowser" finished-at="2019-01-25T03:13:41Z" duration-ms="4613" status="PASS">
          <reporter-output>
          </reporter-output>
        </test-method> <!-- openBrowser -->
        <test-method signature="titleVerification()[pri:0, instance:com.whitecircleschool.JenkinsDemo.VerifyTitle@e4487af]" started-at="2019-01-25T03:13:41Z" name="titleVerification" finished-at="2019-01-25T03:13:42Z" duration-ms="587" status="PASS">
          <reporter-output>
          </reporter-output>
        </test-method> <!-- titleVerification -->
        <test-method is-config="true" signature="closeBrowser()[pri:0, instance:com.whitecircleschool.JenkinsDemo.VerifyTitle@e4487af]" started-at="2019-01-25T03:13:42Z" name="closeBrowser" finished-at="2019-01-25T03:13:44Z" duration-ms="2310" status="PASS">
          <reporter-output>
          </reporter-output>
        </test-method> <!-- closeBrowser -->
      </class> <!-- com.whitecircleschool.JenkinsDemo.VerifyTitle -->
    </test> <!-- Default test -->
  </suite> <!-- Default suite -->
</testng-results>
